<?xml version="1.0" encoding="UTF-8"?>
<!-- Generated by org.testng.reporters.JUnitReportReporter -->
<testsuite hostname="LIN59020914" failures="0" tests="3" name="com.testcases.FunctionalityTest" time="54.956" errors="0" timestamp="2024-08-28T10:38:47 IST" skipped="0">
  <testcase classname="com.testcases.FunctionalityTest" name="loginFunctionalityDP" time="11.950"/>
  <testcase classname="com.testcases.FunctionalityTest" name="loginFunctionalityDP" time="25.086"/>
  <testcase classname="com.testcases.FunctionalityTest" name="loginFunctionalityDP" time="17.920"/>
</testsuite> <!-- com.testcases.FunctionalityTest -->
