<?xml version="1.0" encoding="UTF-8"?>
<!-- Generated by org.testng.reporters.JUnitReportReporter -->
<testsuite hostname="LIN59020914" failures="0" tests="3" name="com.testcases.UsabilityTest" time="44.572" errors="0" timestamp="2024-08-28T10:30:24 IST" skipped="0">
  <testcase classname="com.testcases.UsabilityTest" name="loginFunctionality" time="13.275"/>
  <testcase classname="com.testcases.UsabilityTest" name="loginFunctionality" time="15.780"/>
  <testcase classname="com.testcases.UsabilityTest" name="loginFunctionality" time="15.517"/>
</testsuite> <!-- com.testcases.UsabilityTest -->
